<?xml version="1.0" encoding="UTF-8"?>
<!-- Generated by org.testng.reporters.JUnitReportReporter -->
<testsuite hostname="LAPTOP-89JUI0BR" failures="0" tests="1" name="ab.GoogleTest" time="8.474" errors="0" timestamp="10 Aug 2020 21:20:39 GMT" skipped="0">
  <testcase classname="ab.GoogleTest" name="googleSerach" time="8.474"/>
</testsuite> <!-- ab.GoogleTest -->
