<?xml version="1.0" encoding="UTF-8"?>
<!-- Generated by org.testng.reporters.JUnitReportReporter -->
<testsuite hostname="LAPTOP-89JUI0BR" failures="0" tests="1" name="ab.EBFSSignUpAndLogIn" time="28.180" errors="0" timestamp="16 Aug 2020 17:01:13 GMT" skipped="0">
  <testcase classname="ab.EBFSSignUpAndLogIn" name="googleSerach" time="28.180"/>
</testsuite> <!-- ab.EBFSSignUpAndLogIn -->
