<?xml version="1.0" encoding="UTF-8"?>
<!-- Generated by org.testng.reporters.JUnitReportReporter -->
<testsuite hostname="LAPTOP-89JUI0BR" failures="0" tests="1" name="ab.BASE" time="1.051" errors="0" timestamp="09 Aug 2020 14:39:43 GMT" skipped="0">
  <testcase classname="ab.BASE" name="goToGoogle" time="1.051"/>
</testsuite> <!-- ab.BASE -->
